<?xml version="1.0" encoding="UTF-8"?>
<!-- Generated by org.testng.reporters.JUnitReportReporter -->
<testsuite hostname="MAVPUN1121205" failures="0" tests="2" name="session29_TestNGAnnotations.TestCase1" time="0.007" errors="0" timestamp="2024-05-23T12:20:44 IST" skipped="0">
  <testcase classname="session29_TestNGAnnotations.TestCase1" name="test1" time="0.004"/>
  <system-out/>
  <testcase classname="session29_TestNGAnnotations.TestCase1" name="test2" time="0.003"/>
  <system-out/>
</testsuite> <!-- session29_TestNGAnnotations.TestCase1 -->
